 DnaSP  Ver. 6.12.03                        23 - October - 2025  20:24:37
 ========================================================================


 Haplotype/DNA Sequences Data File
 ---------------------------------

 Input Data File: C:\...\Qualificacao_Cytb_93Tt_VidaLivre_931pb.fas
 Number of sequences: 93    Number of sequences used: 93
 Selected region: 1-931   Number of sites: 931
 Total number of sites (excluding sites with gaps / missing data): 931

 Sites with alignment gaps:  not considered
 Number of included positions: 931

 =========== Haplotype Distribution ===========
 Number of haplotypes, h: 39
 Haplotype diversity, Hd: 0.8686

    Hap_1: 33  [1-4 9-12 15 17-20 22-24 26-27 29 31-34 36-38 41-43 45-46 48 51]
    Hap_2: 1  [5]
    Hap_3: 3  [6-8]
    Hap_4: 3  [13 39 47]
    Hap_5: 3  [14 21 28]
    Hap_6: 1  [16]
    Hap_7: 1  [25]
    Hap_8: 3  [30 35 44]
    Hap_9: 1  [40]
    Hap_10: 1  [49]
    Hap_11: 1  [50]
    Hap_12: 1  [52]
    Hap_13: 3  [53-54 62]
    Hap_14: 1  [55]
    Hap_15: 1  [56]
    Hap_16: 1  [57]
    Hap_17: 1  [58]
    Hap_18: 1  [59]
    Hap_19: 1  [60]
    Hap_20: 1  [61]
    Hap_21: 1  [63]
    Hap_22: 4  [64-66 68]
    Hap_23: 1  [67]
    Hap_24: 3  [69-71]
    Hap_25: 1  [72]
    Hap_26: 2  [73-74]
    Hap_27: 1  [75]
    Hap_28: 1  [76]
    Hap_29: 1  [77]
    Hap_30: 1  [78]
    Hap_31: 1  [79]
    Hap_32: 1  [80]
    Hap_33: 4  [81-84]
    Hap_34: 1  [85]
    Hap_35: 2  [86-87]
    Hap_36: 2  [88-89]
    Hap_37: 2  [90-91]
    Hap_38: 1  [92]
    Hap_39: 1  [93]

    Hap_1: 33  [Aurora-SaoPaulo-MataAtlantica Frederico-SaoPaulo-MataAtlantica Gatinho-SaoPaulo-MataAtlantica Manga-SaoPaulo-MataAtlantica RK01-MatoGrossoDoSul-Cerrado RK02-MataGrossoDoSul-Cerrado RK04-MatoGrossoDoSul-Cerrado RK05-MatoGrossoDoSul-Cerrado RK11-MatoGrossoDoSul-Cerrado RK13-MatoGrossoDoSul-Cerrado RK14-MatoGrossoDoSul-Cerrado RK15-MatoGrossoDoSul-Cerrado RK16-MatoGrossoDoSul-Cerrado RK20-MatoGrossoDoSul-Cerrado RK21-MatoGrossoDoSul-Cerrado RK22-MatoGrossoDoSul-Cerrado RK25-MatoGrossoDoSul-Cerrado RK26-MatoGrossoDoSul-Cerrado RK28-MatoGrossoDoSul-Cerrado RK30-MatoGrossoDoSul-Cerrado Benjamin-MatoGrossoDoSul-Pantanal Caio-MatoGrossoDoSul-Pantanal Duda-MatoGrossoDoSul-Pantanal Francoise-MatoGrossoDoSul-Pantanal Jordano-MatoGrossoDoSul-Pantanal Jujuba-MatoGrossoDoSul-Pantanal Michele-MatoGrossoDoSul-Pantanal Mireta-MatoGrossoDoSul-Pantanal Mirim-MatoGrossoDoSul-Pantanal RK09-MatoGrossoDoSul-Pantanal RK19-MatoGrossoDoSul-Pantanal Thor-MatoGrossoDoSul-Pantanal GQ259953.1-Argentina(Hte34)-4]
    Hap_2: 1  [Mama-SaoPaulo-MataAtlantica]
    Hap_3: 3  [Branquinha-SaoPaulo-MataAtlantica Cris-SaoPaulo-MataAtlantica Volverina-SaoPaulo-MataAtlantica]
    Hap_4: 3  [RK08-MatoGrossoDoSul-Cerrado Justine-MatoGrossoDoSul-Pantanal Sachin-MatoGrossoDoSul-Pantanal]
    Hap_5: 3  [RK10-MatoGrossoDoSul-Cerrado RK17-MatoGrossoDoSul-Cerrado RK27-MatoGrossoDoSul-Cerrado]
    Hap_6: 1  [RK12-MatoGrossoDoSul-Cerrado]
    Hap_7: 1  [RK24-MatoGrossoDoSul-Cerrado]
    Hap_8: 3  [RK29-MatoGrossoDoSul-Cerrado Emilio-MatoGrossoDoSul-Pantanal TeoBand-MatoGrossoDoSul-Pantanal]
    Hap_9: 1  [Machinho-MatoGrossoDoSul-Pantanal]
    Hap_10: 1  [GQ259951.1-Argentina(Hte32)-4]
    Hap_11: 1  [GQ259952.1-Argentina(Hte33)-4]
    Hap_12: 1  [GQ259954.1-Argentina(Hte35)-4]
    Hap_13: 3  [GQ259913.1-GuianaFrancesa(Hte2)-4 GQ259914.1-Bolivia(Hte2)-4 GQ259931.1-BrasilNorte(Hte15)-4]
    Hap_14: 1  [GQ259938.1-Bolivia(Hte22)-4]
    Hap_15: 1  [GQ259927.1-Peru(Hte12)-4]
    Hap_16: 1  [GQ259939.1-Peru(Hte23)-4]
    Hap_17: 1  [GQ259943.1-Peru(Hte26)-4]
    Hap_18: 1  [GQ259948.1-Peru(Hte29)-4]
    Hap_19: 1  [GQ259950.1-Peru(Hte31)-4]
    Hap_20: 1  [GQ259930.1-BrasilNorte(Hte14)-4]
    Hap_21: 1  [GQ259937.1-BrasilNorte(Hte21)-4]
    Hap_22: 4  [GQ259910.1-GuianaFrancesa(Hte1)-3 GQ259911.1-GuianaFrancesa(Hte1)-3 GQ259912.1-GuianaFrancesa(Hte1)-3 GQ259920.1-GuianaFrancesa(Hte7)-3]
    Hap_23: 1  [GQ259915.1-GuianaFrancesa(Hte3)-3]
    Hap_24: 3  [GQ259923.1-Venezuela(Hte10)-3 GQ259924.1-Venezuela(Hte10)-3 GQ259925.1-Venezuela(Hte10)-3]
    Hap_25: 1  [GQ259926.1-Colombia(Hte11)-3]
    Hap_26: 2  [GQ259929.1-Peru(Hte13)-3 GQ259928.1-ColombiaBrasil(Hte13)-3]
    Hap_27: 1  [GQ259933.1-Colombia(Hte17)-3]
    Hap_28: 1  [GQ259919.1-Equador(Hte6)-2]
    Hap_29: 1  [GQ259922.1-Equador(Hte9)-2]
    Hap_30: 1  [GQ259932.1-Peru(Hte16)-2]
    Hap_31: 1  [GQ259936.1-ColombiaBrasil(Hte20)-2]
    Hap_32: 1  [GQ259935.1-Colombia(Hte19)-1]
    Hap_33: 4  [GQ259916.1-Equador(Hte4)-1 GQ259917.1-Equador(Hte4)-1 GQ259918.1-Equador(Hte5)-1 GQ259921.1-Equador(Hte8)-1]
    Hap_34: 1  [GQ259934.1-ColombiaBrasil(Hte18)-1]
    Hap_35: 2  [GQ259940.1-Peru(Hte24)-1 GQ259941.1-Peru(Hte24)-1]
    Hap_36: 2  [GQ259944.1-Peru(Hte27)-1 GQ259945.1-Peru(Hte27)-1]
    Hap_37: 2  [GQ259946.1-Peru(Hte28)-1 GQ259947.1-Peru(Hte28)-1]
    Hap_38: 1  [GQ259942.1-Peru(Hte25)-1]
    Hap_39: 1  [GQ259949.1-Peru(Hte30)-1]

